[INFO] 22:17:28:409 Conexion/(20915:20915): me conecte a Broker exitosamente
[INFO] 22:20:44:125 Conexion/(21310:21310): me conecte a Broker exitosamente
[INFO] 16:09:51:45 Conexion/(5674:5674): me conecte a Team exitosamente
[INFO] 16:13:49:192 Conexion/(5848:5848): me conecte a Team exitosamente
[INFO] 16:14:16:420 Conexion/(5927:5927): me conecte a Team exitosamente
[INFO] 16:15:02:565 Conexion/(5980:5980): me conecte a Team exitosamente
[INFO] 16:16:46:189 Conexion/(6091:6091): me conecte a Team exitosamente
[INFO] 16:19:35:0 Conexion/(10122:10122): me conecte a Team exitosamente
[INFO] 16:21:28:555 Conexion/(12332:12332): me conecte a Team exitosamente
[INFO] 16:22:48:314 Conexion/(12507:12507): no me pude conectar a Team
[INFO] 16:23:43:856 Conexion/(12628:12628): no me pude conectar a Team
[INFO] 16:24:28:804 Conexion/(12731:12731): me conecte a Team exitosamente
[INFO] 16:30:12:769 Conexion/(12985:12985): me conecte a Team exitosamente
[INFO] 16:33:27:540 Conexion/(16131:16131): me conecte a Team exitosamente
[INFO] 15:53:31:371 Conexion/(8303:8303): me conecte a Broker exitosamente
[INFO] 16:31:26:257 Conexion/(9779:9779): no me pude conectar a Team
[INFO] 16:32:59:767 Conexion/(9896:9896): me conecte a Team exitosamente
[INFO] 18:02:43:871 Conexion/(17566:17566): me conecte a Team exitosamente
[INFO] 18:06:30:378 Conexion/(17929:17929): me conecte a Broker exitosamente
[INFO] 20:10:04:259 Conexion/(6005:6005): no me pude conectar a Broker
[INFO] 20:10:26:196 Conexion/(6083:6083): me conecte a Broker exitosamente
[INFO] 20:10:26:197 Suscripcion/(6083:6083): me conecto como modo suscriptor por 10 segundos a New_Pokemon exitosamente
[INFO] 20:11:01:845 Conexion/(6132:6132): me conecte a Broker exitosamente
[INFO] 20:11:01:846 Suscripcion/(6132:6132): me conecto como modo suscriptor por 1 segundos a New_Pokemon exitosamente
[INFO] 20:11:42:876 Conexion/(6184:6184): me conecte a Broker exitosamente
[INFO] 20:11:47:12 Suscripcion/(6184:6184): me conecto como modo suscriptor por 1 segundos a New_Pokemon exitosamente
[INFO] 16:12:57:44 Conexion/(4710:4710): me conecte a Broker exitosamente
[INFO] 16:12:57:45 Suscripcion/(4710:4710): me conecto como modo suscriptor por 1 segundos a New_Pokemon exitosamente
[INFO] 16:13:35:342 Conexion/(4767:4767): me conecte a Broker exitosamente
[INFO] 16:13:35:342 Suscripcion/(4767:4767): me conecto como modo suscriptor por 10 segundos a New_Pokemon exitosamente
[INFO] 16:14:00:552 Conexion/(4811:4811): me conecte a Broker exitosamente
[INFO] 16:14:00:553 Suscripcion/(4811:4811): me conecto como modo suscriptor por 5 segundos a New_Pokemon exitosamente
[INFO] 16:14:30:723 Conexion/(4852:4852): me conecte a Broker exitosamente
[INFO] 16:14:30:723 Suscripcion/(4852:4852): me conecto como modo suscriptor por 15 segundos a New_Pokemon exitosamente
[INFO] 16:15:54:734 Conexion/(4923:4923): me conecte a Broker exitosamente
[INFO] 16:15:54:734 Suscripcion/(4923:4923): me conecto como modo suscriptor por 15 segundos a New_Pokemon exitosamente
[INFO] 16:16:16:722 Conexion/(4995:4995): me conecte a Broker exitosamente
[INFO] 16:16:18:604 Suscripcion/(4995:4995): me conecto como modo suscriptor por 15 segundos a New_Pokemon exitosamente
[INFO] 16:16:44:708 Conexion/(5126:5126): me conecte a Broker exitosamente
[INFO] 16:16:46:686 Suscripcion/(5126:5126): me conecto como modo suscriptor por 15 segundos a New_Pokemon exitosamente
[INFO] 16:17:19:936 Conexion/(5240:5240): me conecte a Broker exitosamente
[INFO] 16:17:21:947 Suscripcion/(5240:5240): me conecto como modo suscriptor por 15 segundos a New_Pokemon exitosamente
[INFO] 17:03:09:202 Conexion/(28360:28360): no me pude conectar a Broker
[INFO] 17:04:29:764 Conexion/(28412:28412): no me pude conectar a Broker
[INFO] 17:05:14:124 Conexion/(28504:28504): no me pude conectar a Broker
[INFO] 17:05:34:962 Conexion/(28556:28556): me conecte a Broker exitosamente
[INFO] 17:13:04:187 Conexion/(29040:29040): me conecte a Broker exitosamente
[INFO] 17:15:11:638 Conexion/(29186:29186): me conecte a Broker exitosamente
[INFO] 17:20:40:807 Conexion/(29743:29743): me conecte a Broker exitosamente
[INFO] 17:23:21:991 Conexion/(31434:31434): me conecte a Broker exitosamente
[INFO] 17:25:05:979 Conexion/(15588:15588): me conecte a Broker exitosamente
[INFO] 17:34:13:895 Conexion/(26584:26584): me conecte a Broker exitosamente
[INFO] 17:34:44:777 Conexion/(5141:5141): me conecte a Broker exitosamente
[INFO] 17:35:22:658 Conexion/(3426:3426): me conecte a Broker exitosamente
[INFO] 17:40:56:554 Conexion/(1624:1624): me conecte a Broker exitosamente
[INFO] 17:41:32:637 Conexion/(1665:1665): me conecte a Broker exitosamente
[INFO] 17:42:01:220 Conexion/(1722:1722): me conecte a Broker exitosamente
[INFO] 17:43:02:380 Conexion/(1784:1784): me conecte a Broker exitosamente
[INFO] 17:43:52:764 Conexion/(1845:1845): me conecte a Broker exitosamente
[INFO] 17:54:29:474 Conexion/(2776:2776): me conecte a Broker exitosamente
