[INFO] 14:21:12:199 ERROR EN COMUNICACION/(5406:5410): No se pudo conectar con Broker,se realizará la operación por default
[INFO] 14:21:18:288 NUEVO MENSAJE/(5406:5420): recibi mensaje appeared pokemon de GAMEBOY:  
 con tamanio: 8 
 nombre: Pikachu 
 posX: 9 
 posY: 9 

[INFO] 14:21:18:302 CAMBIO DE COLA/(5406:5411): cambio a EXEC de entrenador: 1 
 
[INFO] 14:21:18:309 NUEVO MENSAJE/(5406:5424): recibi mensaje appeared pokemon de GAMEBOY:  
 con tamanio: 9 
 nombre: Squirtle 
 posX: 6 
 posY: 7 

[INFO] 14:21:18:315 NUEVO MENSAJE/(5406:5426): recibi mensaje appeared pokemon de GAMEBOY:  
 con tamanio: 5 
 nombre: Onix 
 posX: 2 
 posY: 8 

[INFO] 14:21:18:329 NUEVO MENSAJE/(5406:5428): recibi mensaje appeared pokemon de GAMEBOY:  
 con tamanio: 7 
 nombre: Gengar 
 posX: 6 
 posY: 6 

[INFO] 14:21:18:333 NUEVO MENSAJE/(5406:5430): recibi mensaje appeared pokemon de GAMEBOY:  
 con tamanio: 9 
 nombre: Squirtle 
 posX: 5 
 posY: 5 

[INFO] 14:21:23:314 MOVIMIENTO DE ENTRENADOR/(5406:5408): entrenador 1: se movio a (9,9)
[INFO] 14:21:23:316 OPERACION ATRAPAR/(5406:5408): ATRAPAR POKEMON: Pikachu con posicion (9, 9) 

[INFO] 14:21:23:316 ERROR EN COMUNICACION/(5406:5408): No se pudo conectar con Broker,se realizará la operación por default 

[INFO] 14:21:23:316 CAMBIO DE COLA/(5406:5408): Cambio a BLOCKED de entrenador: 1 
 
[INFO] 14:21:23:316 CAMBIO DE COLA/(5406:5411): cambio a EXEC de entrenador: 2 
 
[INFO] 14:21:28:320 MOVIMIENTO DE ENTRENADOR/(5406:5409): entrenador 2: se movio a (6,7)
[INFO] 14:21:28:321 OPERACION ATRAPAR/(5406:5409): ATRAPAR POKEMON: Squirtle con posicion (6, 7) 

[INFO] 14:21:28:321 ERROR EN COMUNICACION/(5406:5409): No se pudo conectar con Broker,se realizará la operación por default 

[INFO] 14:21:28:321 CAMBIO DE COLA/(5406:5409): Cambio a BLOCKED de entrenador: 2 
 
[INFO] 14:21:28:322 CAMBIO DE COLA/(5406:5411): cambio a EXEC de entrenador: 0 
 
[INFO] 14:21:33:325 MOVIMIENTO DE ENTRENADOR/(5406:5407): entrenador 0: se movio a (2,8)
[INFO] 14:21:33:325 OPERACION ATRAPAR/(5406:5407): ATRAPAR POKEMON: Onix con posicion (2, 8) 

[INFO] 14:21:33:326 ERROR EN COMUNICACION/(5406:5407): No se pudo conectar con Broker,se realizará la operación por default 

[INFO] 14:21:33:326 CAMBIO DE COLA/(5406:5407): Cambio a BLOCKED de entrenador: 0 
 
[INFO] 14:21:33:326 CAMBIO DE COLA/(5406:5411): cambio a EXEC de entrenador: 1 
 
[INFO] 14:21:33:326 CAMBIO DE COLA/(5406:5408): cambio a BLOCK-READY de entrenador: 1 
 
[INFO] 14:21:33:326 CAMBIO DE COLA/(5406:5411): cambio a EXEC de entrenador: 2 
 
[INFO] 14:21:33:326 CAMBIO DE COLA/(5406:5409): cambio a BLOCK-READY de entrenador: 2 
 
[INFO] 14:21:33:326 DETECCION_DEADLOCK/(5406:5411): Inicio de deteccion de deadlock
[INFO] 14:21:33:326 RESULTADO_DE_DEADLOCK/(5406:5411): No se detectó nuevo deadlock 

[INFO] 14:21:33:326 CAMBIO DE COLA/(5406:5411): cambio a EXEC de entrenador: 1 
 
[INFO] 14:21:38:330 MOVIMIENTO DE ENTRENADOR/(5406:5408): entrenador 1: se movio a (6,6)
[INFO] 14:21:38:331 OPERACION ATRAPAR/(5406:5408): ATRAPAR POKEMON: Gengar con posicion (6, 6) 

[INFO] 14:21:38:331 ERROR EN COMUNICACION/(5406:5408): No se pudo conectar con Broker,se realizará la operación por default 

[INFO] 14:21:38:332 CAMBIO DE COLA/(5406:5408): Cambio a BLOCKED de entrenador: 1 
 
[INFO] 14:21:38:332 CAMBIO DE COLA/(5406:5411): cambio a EXEC de entrenador: 2 
 
[INFO] 14:21:42:202 ERROR EN COMUNICACION/(5406:5410): No se pudo conectar con Broker,se realizará la operación por default
[INFO] 14:21:43:335 MOVIMIENTO DE ENTRENADOR/(5406:5409): entrenador 2: se movio a (5,5)
[INFO] 14:21:43:336 OPERACION ATRAPAR/(5406:5409): ATRAPAR POKEMON: Squirtle con posicion (5, 5) 

[INFO] 14:21:43:336 ERROR EN COMUNICACION/(5406:5409): No se pudo conectar con Broker,se realizará la operación por default 

[INFO] 14:21:43:336 CAMBIO DE COLA/(5406:5409): Cambio a BLOCKED de entrenador: 2 
 
[INFO] 14:21:43:336 CAMBIO DE COLA/(5406:5411): cambio a EXEC de entrenador: 0 
 
[INFO] 14:21:43:336 CAMBIO DE COLA/(5406:5407): cambio a BLOCK-DEADLOCK de entrenador: 0 
 
[INFO] 14:21:43:336 CAMBIO DE COLA/(5406:5411): cambio a EXEC de entrenador: 1 
 
[INFO] 14:21:43:339 CAMBIO DE COLA/(5406:5408): cambio a EXIT de entrenador: 1 
 
[INFO] 14:21:43:342 CAMBIO DE COLA/(5406:5411): cambio a EXEC de entrenador: 2 
 
[INFO] 14:21:43:343 CAMBIO DE COLA/(5406:5409): cambio a BLOCK-DEADLOCK de entrenador: 2 
 
[INFO] 14:21:58:332 DETECCION_DEADLOCK/(5406:5411): Inicio de deteccion de deadlock
[INFO] 14:21:58:334 RESULTADO_DE_DEADLOCK/(5406:5411): Se detectó deadlock 

[INFO] 14:21:58:341 OPERACION INTERCAMBIO/(5406:5437): intercambio entre entrenadores 0 y 2 

[INFO] 14:21:58:343 CAMBIO DE COLA/(5406:5437): cambio a EXEC de entrenador: 0 
 
[INFO] 14:22:03:350 MOVIMIENTO DE ENTRENADOR/(5406:5437): entrenador 0: se movio a (5,5)
[INFO] 14:22:12:203 ERROR EN COMUNICACION/(5406:5410): No se pudo conectar con Broker,se realizará la operación por default
[INFO] 14:22:28:355 CAMBIO DE COLA/(5406:5437): cambio a EXIT de entrenador: 0 
 
[INFO] 14:22:28:355 CAMBIO DE COLA/(5406:5437): cambio a EXIT de entrenador: 2 
 
[INFO] 14:22:28:368 RESULTADO TEAM/(5406:5406): Ciclos de cpu entrenador 0: 17
[INFO] 14:22:28:368 RESULTADO TEAM/(5406:5406): Ciclos de cpu entrenador 1: 19
[INFO] 14:22:28:368 RESULTADO TEAM/(5406:5406): Ciclos de cpu entrenador 2: 11
[INFO] 14:22:28:368 RESULTADO TEAM/(5406:5406): Ciclos de cpu totales: 47
[INFO] 14:22:28:368 RESULTADO TEAM/(5406:5406): Cantidad de deadlocks producidos: 1
[INFO] 14:22:28:368 RESULTADO TEAM/(5406:5406): Cantidad de deadlocks resueltos: 1
