[INFO] 15:04:32:615 iniciar logger/(4762:4762): soy un log
[INFO] 15:05:50:591 iniciar logger/(4827:4827): soy un log
[INFO] 15:41:55:623 iniciar logger/(5844:5844): soy un log
[INFO] 15:41:55:643 iniciar logger/(5844:5844): HOLA
[INFO] 15:41:55:643 iniciar logger/(5844:5844): H
[INFO] 17:14:45:209 iniciar logger/(9562:9562): soy un log
[INFO] 17:14:45:230 iniciar logger/(9562:9562): HOLA
[INFO] 17:14:45:231 iniciar logger/(9562:9562): H
[INFO] 17:15:14:662 iniciar logger/(9599:9599): soy un log
[INFO] 17:16:23:542 iniciar logger/(9640:9640): soy un log
[INFO] 17:21:47:269 iniciar logger/(9835:9835): soy un log
[INFO] 17:23:00:875 iniciar logger/(9902:9902): soy un log
[INFO] 17:23:28:894 iniciar logger/(9941:9941): soy un log
[INFO] 17:25:11:926 iniciar logger/(10046:10046): soy un log
[INFO] 17:25:11:942 iniciar logger/(10046:10046): 
[INFO] 17:31:48:132 iniciar logger/(10206:10206): soy un log
[INFO] 17:36:25:499 iniciar logger/(10206:10206): 
[INFO] 17:36:40:255 iniciar logger/(10381:10381): soy un log
[INFO] 17:36:40:278 iniciar logger/(10381:10381): 
[INFO] 17:37:00:497 iniciar logger/(10412:10412): soy un log
[INFO] 17:46:41:29 iniciar logger/(10665:10665): soy un log
[INFO] 17:46:42:43 iniciar logger/(10665:10665): 
[INFO] 23:30:41:598 iniciar logger/(3831:3831): soy un log
[INFO] 23:31:09:671 iniciar logger/(3882:3882): soy un log
[INFO] 23:31:49:778 iniciar logger/(3936:3936): soy un log
[INFO] 23:32:21:186 iniciar logger/(3987:3987): soy un log
[INFO] 23:34:30:26 iniciar logger/(4190:4190): soy un log
[INFO] 23:35:59:181 iniciar logger/(4323:4323): soy un log
[INFO] 23:35:59:183 iniciar logger/(4323:4323): llegue hasta despues de enviar
[INFO] 23:38:00:347 iniciar logger/(4467:4467): soy un log
[INFO] 23:38:00:353 iniciar logger/(4467:4467): llegue hasta despues de enviar
[INFO] 23:39:27:788 iniciar logger/(4235:4235): soy un log
[INFO] 23:41:15:738 iniciar logger/(4845:4845): soy un log
[INFO] 23:41:27:840 iniciar logger/(4845:4845): llegue hasta despues de enviar
[INFO] 23:46:09:421 iniciar logger/(5121:5121): soy un log
[INFO] 23:46:09:426 iniciar logger/(5121:5121): llegue hasta despues de enviar
[INFO] 23:46:09:456 iniciar logger/(5121:5121): llegue hasta despues de RECIBIR CAPO
[INFO] 23:50:11:348 iniciar logger/(5928:5928): soy un log
[INFO] 23:50:11:364 iniciar logger/(5928:5928): llegue hasta despues de enviar
[INFO] 23:52:56:379 iniciar logger/(6158:6158): soy un log
[INFO] 23:52:56:380 iniciar logger/(6158:6158): llegue hasta despues de enviar
[INFO] 23:54:11:994 iniciar logger/(6252:6252): soy un log
[INFO] 23:54:12:4 iniciar logger/(6252:6252): llegue hasta despues de enviar
[INFO] 23:54:46:494 iniciar logger/(6312:6312): soy un log
[INFO] 23:54:46:498 iniciar logger/(6312:6312): llegue hasta despues de enviar
[INFO] 23:59:45:155 iniciar logger/(6529:6529): soy un log
[INFO] 23:59:45:159 iniciar logger/(6529:6529): llegue hasta despues de enviar
[INFO] 23:59:45:171 iniciar logger/(6529:6529): llegue hasta despues de RECIBIR CAPO
[INFO] 00:00:17:714 iniciar logger/(6732:6732): soy un log
[INFO] 00:00:17:719 iniciar logger/(6732:6732): llegue hasta despues de enviar
[INFO] 00:02:09:742 iniciar logger/(6832:6832): soy un log
[INFO] 00:02:09:767 iniciar logger/(6832:6832): llegue hasta despues de enviar
[INFO] 00:04:22:667 iniciar logger/(30859:30859): soy un log
[INFO] 00:05:03:352 iniciar logger/(9772:9772): soy un log
[INFO] 00:10:55:245 iniciar logger/(12689:12689): soy un log
[INFO] 00:11:33:657 iniciar logger/(12753:12753): soy un log
[INFO] 00:11:33:661 iniciar logger/(12753:12753): llegue hasta despues de enviar
[INFO] 00:11:33:661 iniciar logger/(12753:12753): llegue hasta despues de RECIBIR CAPO
[INFO] 00:12:12:590 iniciar logger/(12805:12805): soy un log
[INFO] 00:12:12:601 iniciar logger/(12805:12805): llegue hasta despues de enviar
[INFO] 00:12:12:606 iniciar logger/(12805:12805): llegue hasta despues de RECIBIR CAPO
[INFO] 00:12:48:477 iniciar logger/(12873:12873): soy un log
[INFO] 00:12:48:477 iniciar logger/(12873:12873): llegue hasta despues de enviar
[INFO] 00:13:56:423 iniciar logger/(12915:12915): soy un log
[INFO] 00:15:51:220 iniciar logger/(12915:12915): llegue hasta despues de enviar
[INFO] 00:17:14:176 iniciar logger/(13303:13303): soy un log
[INFO] 00:17:22:293 iniciar logger/(13303:13303): llegue hasta despues de enviar
[INFO] 00:24:19:635 iniciar logger/(13901:13901): soy un log
[INFO] 00:24:19:650 iniciar logger/(13901:13901): llegue hasta despues de enviar
[INFO] 00:24:19:659 iniciar logger/(13901:13901): llegue hasta despues de RECIBIR CAPO
[INFO] 00:25:00:686 iniciar logger/(13947:13947): soy un log
[INFO] 00:25:00:687 iniciar logger/(13947:13947): llegue hasta despues de enviar
[INFO] 00:25:00:694 iniciar logger/(13947:13947): llegue hasta despues de RECIBIR CAPO
[INFO] 00:25:59:692 iniciar logger/(14030:14030): soy un log
[INFO] 00:25:59:700 iniciar logger/(14030:14030): llegue hasta despues de enviar
[INFO] 00:25:59:703 iniciar logger/(14030:14030): llegue hasta despues de RECIBIR CAPO
[INFO] 00:26:56:527 iniciar logger/(14098:14098): soy un log
[INFO] 00:26:56:539 iniciar logger/(14098:14098): llegue hasta despues de enviar
[INFO] 00:26:56:540 iniciar logger/(14098:14098): llegue hasta despues de RECIBIR CAPO
[INFO] 00:26:56:540 iniciar logger/(14098:14098): : so
[INFO] 00:27:36:849 iniciar logger/(14154:14154): soy un log
[INFO] 00:27:36:850 iniciar logger/(14154:14154): llegue hasta despues de enviar
[INFO] 00:27:36:850 iniciar logger/(14154:14154): llegue hasta despues de RECIBIR CAPO
[INFO] 00:27:36:850 iniciar logger/(14154:14154): à’(	ˆÇk·
[INFO] 00:28:07:983 iniciar logger/(14207:14207): soy un log
[INFO] 00:28:07:986 iniciar logger/(14207:14207): llegue hasta despues de enviar
[INFO] 00:28:07:990 iniciar logger/(14207:14207): llegue hasta despues de RECIBIR CAPO
[INFO] 00:28:07:990 iniciar logger/(14207:14207): : so7m·
[INFO] 00:29:26:715 iniciar logger/(14290:14290): soy un log
[INFO] 00:29:26:725 iniciar logger/(14290:14290): llegue hasta despues de enviar
[INFO] 00:29:43:547 iniciar logger/(14322:14322): soy un log
[INFO] 00:29:43:553 iniciar logger/(14322:14322): llegue hasta despues de enviar
[INFO] 00:29:43:568 iniciar logger/(14322:14322): llegue hasta despues de RECIBIR CAPO
[INFO] 00:29:43:568 iniciar logger/(14322:14322): : so7q·
[INFO] 00:32:19:552 iniciar logger/(14643:14643): soy un log
[INFO] 00:32:19:552 iniciar logger/(14643:14643): llegue hasta despues de enviar
[INFO] 00:32:19:552 iniciar logger/(14643:14643): llegue hasta despues de RECIBIR CAPO
[INFO] 00:32:19:552 iniciar logger/(14643:14643): : sown·
[INFO] 00:33:47:750 iniciar logger/(14768:14768): soy un log
[INFO] 00:33:53:941 iniciar logger/(14768:14768): llegue hasta despues de enviar
[INFO] 00:36:21:208 iniciar logger/(15005:15005): soy un log
[INFO] 00:36:27:184 iniciar logger/(15005:15005): llegue hasta despues de enviar
[INFO] 00:38:02:297 iniciar logger/(15134:15134): soy un log
[INFO] 00:38:02:308 iniciar logger/(15134:15134): llegue hasta despues de enviar
[INFO] 00:40:22:794 iniciar logger/(15254:15254): soy un log
[INFO] 00:40:22:795 iniciar logger/(15254:15254): llegue hasta despues de enviar
[INFO] 00:41:39:32 iniciar logger/(15385:15385): soy un log
[INFO] 00:41:39:32 iniciar logger/(15385:15385): llegue hasta despues de enviar
[INFO] 01:03:40:21 iniciar logger/(16755:16755): soy un log
[INFO] 01:03:41:37 iniciar logger/(16755:16755): llegue hasta despues de enviar
[INFO] 01:04:23:46 iniciar logger/(16969:16969): soy un log
[INFO] 01:04:24:93 iniciar logger/(16969:16969): llegue hasta despues de enviar
[INFO] 01:04:36:574 iniciar logger/(17003:17003): soy un log
[INFO] 01:04:36:575 iniciar logger/(17003:17003): llegue hasta despues de enviar
[INFO] 01:05:36:149 iniciar logger/(17087:17087): soy un log
[INFO] 01:05:36:150 iniciar logger/(17087:17087): llegue hasta despues de enviar
[INFO] 01:06:15:31 iniciar logger/(17201:17201): soy un log
[INFO] 01:06:15:35 iniciar logger/(17201:17201): llegue hasta despues de enviar
[INFO] 01:07:55:529 iniciar logger/(17301:17301): soy un log
[INFO] 01:07:55:553 iniciar logger/(17301:17301): llegue hasta despues de enviar
[INFO] 01:07:55:553 iniciar logger/(17301:17301): llegue hasta despues de RECIBIR CAPO
[INFO] 01:07:55:553 iniciar logger/(17301:17301): hola
[INFO] 01:09:31:832 iniciar logger/(17369:17369): soy un log
[INFO] 01:09:31:832 iniciar logger/(17369:17369): llegue hasta despues de enviar
[INFO] 01:11:07:560 iniciar logger/(17457:17457): soy un log
[INFO] 01:11:07:561 iniciar logger/(17457:17457): llegue hasta despues de enviar
[INFO] 01:11:47:507 iniciar logger/(17538:17538): soy un log
[INFO] 01:11:47:509 iniciar logger/(17538:17538): hola
[INFO] 01:13:22:900 iniciar logger/(17839:17839): soy un log
[INFO] 01:14:59:421 iniciar logger/(17996:17996): soy un log
[INFO] 01:14:59:424 iniciar logger/(17996:17996): hola
[INFO] 01:15:21:26 iniciar logger/(18035:18035): soy un log
[INFO] 01:15:21:32 iniciar logger/(18035:18035): hola
[INFO] 01:17:49:870 iniciar logger/(18210:18210): soy un log
[INFO] 01:18:18:45 iniciar logger/(18256:18256): soy un log
[INFO] 01:19:23:754 iniciar logger/(18343:18343): soy un log
[INFO] 01:19:23:770 iniciar logger/(18343:18343): hola
[INFO] 01:19:52:970 iniciar logger/(18395:18395): soy un log
[INFO] 01:20:13:822 iniciar logger/(18436:18436): soy un log
[INFO] 01:20:13:823 iniciar logger/(18436:18436): hola
[INFO] 01:23:08:748 iniciar logger/(18833:18833): soy un log
[INFO] 01:25:24:492 iniciar logger/(19034:19034): soy un log
[INFO] 01:26:04:261 iniciar logger/(19091:19091): soy un log
[INFO] 01:27:27:800 iniciar logger/(19181:19181): soy un log
[INFO] 01:33:07:693 iniciar logger/(19593:19593): soy un log
[INFO] 01:36:20:16 iniciar logger/(19834:19834): soy un log
[INFO] 01:39:55:794 iniciar logger/(20246:20246): soy un log
[INFO] 01:44:42:499 iniciar logger/(20664:20664): soy un log
[INFO] 01:45:30:861 iniciar logger/(20757:20757): soy un log
[INFO] 01:47:13:322 iniciar logger/(20912:20912): soy un log
[INFO] 01:48:20:16 iniciar logger/(20973:20973): soy un log
[INFO] 01:48:21:32 iniciar logger/(20973:20973): envie algo
[INFO] 01:49:03:700 iniciar logger/(21006:21006): soy un log
[INFO] 01:49:03:727 iniciar logger/(21006:21006): envie algo
[INFO] 01:50:42:706 iniciar logger/(21093:21093): soy un log
[INFO] 01:50:42:739 iniciar logger/(21093:21093): envie algo
[INFO] 01:52:27:198 iniciar logger/(21208:21208): soy un log
[INFO] 01:52:27:209 iniciar logger/(21208:21208): envie algo
[INFO] 01:56:24:122 iniciar logger/(21935:21935): soy un log
[INFO] 01:56:25:199 iniciar logger/(21935:21935): envie algo
[INFO] 01:58:58:450 iniciar logger/(22089:22089): soy un log
[INFO] 01:58:58:480 iniciar logger/(22089:22089): envie algo
[INFO] 01:59:37:605 iniciar logger/(22130:22130): soy un log
[INFO] 02:01:41:599 iniciar logger/(22130:22130): envie algo
[INFO] 02:03:32:588 iniciar logger/(22562:22562): soy un log
[INFO] 02:03:32:630 iniciar logger/(22562:22562): envie algo
[INFO] 02:08:49:995 iniciar logger/(22889:22889): soy un log
[INFO] 02:08:50:26 iniciar logger/(22889:22889): envie algo
[INFO] 02:10:19:426 iniciar logger/(22988:22988): soy un log
[INFO] 02:10:19:437 iniciar logger/(22988:22988): envie algo
[INFO] 02:11:42:613 iniciar logger/(23214:23214): soy un log
[INFO] 02:14:24:351 iniciar logger/(23408:23408): soy un log
[INFO] 02:15:17:160 iniciar logger/(23496:23496): soy un log
[INFO] 02:15:17:186 iniciar logger/(23496:23496): envie algo
[INFO] 02:16:17:811 iniciar logger/(23582:23582): soy un log
[INFO] 02:19:00:314 iniciar logger/(23752:23752): soy un log
[INFO] 02:19:00:325 iniciar logger/(23752:23752): envie algo
[INFO] 02:20:25:141 iniciar logger/(23835:23835): soy un log
[INFO] 02:22:50:447 iniciar logger/(23835:23835): envie algo
[INFO] 02:31:38:861 iniciar logger/(4534:4534): soy un log
[INFO] 02:31:38:885 iniciar logger/(4534:4534): envie algo
[INFO] 02:38:13:224 iniciar logger/(5262:5262): soy un log
[INFO] 02:38:13:234 iniciar logger/(5262:5262): envie algo
[INFO] 02:40:01:154 iniciar logger/(5561:5561): soy un log
[INFO] 02:40:01:162 iniciar logger/(5561:5561): envie algo
[INFO] 02:40:27:984 iniciar logger/(5620:5620): soy un log
[INFO] 02:40:27:997 iniciar logger/(5620:5620): envie algo
[INFO] 02:42:05:664 iniciar logger/(5731:5731): soy un log
[INFO] 02:42:51:423 iniciar logger/(5731:5731): envie algo
[INFO] 02:46:23:733 iniciar logger/(6199:6199): soy un log
[INFO] 02:46:30:22 iniciar logger/(6199:6199): envie algo
[INFO] 02:48:46:788 iniciar logger/(6408:6408): soy un log
[INFO] 02:48:51:999 iniciar logger/(6408:6408): envie algo
[INFO] 02:49:09:839 iniciar logger/(6408:6408): recibi algo
[INFO] 02:49:11:499 iniciar logger/(6408:6408): QUIERO
[INFO] 02:49:54:530 iniciar logger/(6504:6504): soy un log
[INFO] 02:50:07:335 iniciar logger/(6540:6540): soy un log
[INFO] 02:50:07:345 iniciar logger/(6540:6540): LISTOOO
[INFO] 02:50:23:648 iniciar logger/(6576:6576): soy un log
[INFO] 02:50:37:476 iniciar logger/(6621:6621): soy un log
[INFO] 02:50:37:477 iniciar logger/(6621:6621): LISTOOO 
[INFO] 02:50:55:177 iniciar logger/(6658:6658): soy un log
[INFO] 02:51:10:854 iniciar logger/(6690:6690): soy un log
[INFO] 02:51:21:352 iniciar logger/(6723:6723): soy un log
[INFO] 02:51:21:363 iniciar logger/(6723:6723): holaasdfaifj
[INFO] 14:30:11:238 iniciar logger/(4047:4047): soy un log
[INFO] 14:30:11:266 iniciar logger/(4047:4047): el mensaje que recibi es: holas
[INFO] 14:30:34:859 iniciar logger/(4187:4187): soy un log
[INFO] 14:31:58:543 iniciar logger/(4272:4272): soy un log
[INFO] 14:33:36:807 iniciar logger/(4399:4399): soy un log
[INFO] 14:33:36:815 iniciar logger/(4399:4399): el mensaje que recibi es: holas
[INFO] 14:35:45:425 iniciar logger/(4570:4570): soy un log
[INFO] 14:36:54:346 iniciar logger/(4646:4646): soy un log
[INFO] 14:36:54:349 iniciar logger/(4646:4646): el mensaje que recibi es: holas
[INFO] 14:38:30:7 iniciar logger/(4758:4758): soy un log
[INFO] 14:38:59:202 iniciar logger/(4800:4800): soy un log
[INFO] 14:38:59:217 iniciar logger/(4800:4800): el mensaje que recibi es: holas
[INFO] 14:40:42:470 iniciar logger/(4916:4916): soy un log
[INFO] 14:40:42:471 iniciar logger/(4916:4916): el mensaje que recibi es: holas
[INFO] 14:41:19:433 iniciar logger/(4964:4964): soy un log
[INFO] 14:41:19:441 iniciar logger/(4964:4964): el mensaje que recibi es: holas como estas
[INFO] 14:48:38:128 iniciar logger/(5248:5248): soy un log
[INFO] 14:48:38:138 iniciar logger/(5248:5248): el mensaje que recibi es: holas como estas
[INFO] 14:50:25:239 iniciar logger/(5348:5348): soy un log
[INFO] 14:50:25:242 iniciar logger/(5348:5348): el mensaje que recibi es: hola
[INFO] 14:51:18:354 iniciar logger/(5411:5411): soy un log
[INFO] 14:51:18:395 iniciar logger/(5411:5411): el mensaje que recibi es: hola como estas
[INFO] 14:51:29:431 iniciar logger/(5431:5431): soy un log
[INFO] 14:51:29:434 iniciar logger/(5431:5431): el mensaje que recibi es: hola como estas
[INFO] 14:51:45:257 iniciar logger/(5468:5468): soy un log
[INFO] 14:51:45:267 iniciar logger/(5468:5468): el mensaje que recibi es: holas como estas
[INFO] 14:52:10:28 iniciar logger/(5512:5512): soy un log
[INFO] 14:52:10:34 iniciar logger/(5512:5512): el mensaje que recibi es: holax como estax
[INFO] 14:52:21:669 iniciar logger/(5554:5554): soy un log
[INFO] 14:52:21:671 iniciar logger/(5554:5554): el mensaje que recibi es: holax como esta
[INFO] 14:52:39:886 iniciar logger/(5596:5596): soy un log
[INFO] 14:52:39:902 iniciar logger/(5596:5596): el mensaje que recibi es: hola como estas
[INFO] 14:52:52:308 iniciar logger/(5628:5628): soy un log
[INFO] 14:52:52:314 iniciar logger/(5628:5628): el mensaje que recibi es: hola como estassssss
[INFO] 14:53:38:95 iniciar logger/(5683:5683): soy un log
[INFO] 14:53:38:119 iniciar logger/(5683:5683): el mensaje que recibi es: holas como estassssss
[INFO] 14:54:28:793 iniciar logger/(5725:5725): soy un log
[INFO] 14:55:31:283 iniciar logger/(5725:5725): el mensaje que recibi es: holas como estassssss
[INFO] 14:56:20:411 iniciar logger/(5869:5869): soy un log
[INFO] 14:57:04:472 iniciar logger/(5869:5869): el mensaje que recibi es: holas como estassssss
[INFO] 14:57:54:799 iniciar logger/(5998:5998): soy un log
[INFO] 14:58:30:281 iniciar logger/(5998:5998): el mensaje que recibi es: holas como estas
[INFO] 14:59:24:135 iniciar logger/(6109:6109): soy un log
[INFO] 14:59:24:159 iniciar logger/(6109:6109): el mensaje que recibi es: holas como estas
[INFO] 15:01:34:369 iniciar logger/(6217:6217): soy un log
[INFO] 15:01:34:378 iniciar logger/(6217:6217): el mensaje que recibi es: holas como estas
[INFO] 15:02:20:157 iniciar logger/(6274:6274): soy un log
[INFO] 15:04:29:848 iniciar logger/(6383:6383): soy un log
[INFO] 15:04:46:197 iniciar logger/(6414:6414): soy un log
[INFO] 15:04:46:202 iniciar logger/(6414:6414): el mensaje que recibi es: holas como estas
[INFO] 15:05:05:364 iniciar logger/(6451:6451): soy un log
[INFO] 15:05:05:375 iniciar logger/(6451:6451): el mensaje que recibi es: holas como estas
[INFO] 15:05:57:75 iniciar logger/(6501:6501): soy un log
[INFO] 15:05:57:83 iniciar logger/(6501:6501): el mensaje que recibi es: hola como estas
[INFO] 15:06:09:836 iniciar logger/(6542:6542): soy un log
[INFO] 15:06:09:840 iniciar logger/(6542:6542): el mensaje que recibi es: hola como estasss
[INFO] 15:06:41:534 iniciar logger/(6586:6586): soy un log
[INFO] 15:06:41:548 iniciar logger/(6586:6586): el mensaje que recibi es: holasssssssssssssssssssssssssssssssssssssssssssssssssss
[INFO] 15:07:01:392 iniciar logger/(6633:6633): soy un log
[INFO] 15:07:01:403 iniciar logger/(6633:6633): el mensaje que recibi es: holasssssssssssss
[INFO] 15:07:39:142 iniciar logger/(6675:6675): soy un log
[INFO] 15:07:39:150 iniciar logger/(6675:6675): el mensaje que recibi es: 159638232
[INFO] 15:07:59:715 iniciar logger/(6713:6713): soy un log
[INFO] 15:07:59:722 iniciar logger/(6713:6713): el mensaje que recibi es: holassssssssssss
[INFO] 15:08:26:469 iniciar logger/(6765:6765): soy un log
[INFO] 15:08:26:483 iniciar logger/(6765:6765): el mensaje que recibi es: hola holassss
[INFO] 15:08:58:709 iniciar logger/(6823:6823): soy un log
[INFO] 15:08:58:716 iniciar logger/(6823:6823): el mensaje que recibi es: hola hola
[INFO] 15:09:11:876 iniciar logger/(6857:6857): soy un log
[INFO] 15:09:11:884 iniciar logger/(6857:6857): el mensaje que recibi es: hola holas
[INFO] 15:09:27:868 iniciar logger/(6893:6893): soy un log
[INFO] 15:09:27:869 iniciar logger/(6893:6893): el mensaje que recibi es: holas holas
[INFO] 15:10:12:912 iniciar logger/(6942:6942): soy un log
[INFO] 15:10:12:919 iniciar logger/(6942:6942): el mensaje que recibi es: holas como estas
[INFO] 15:10:32:420 iniciar logger/(6984:6984): soy un log
[INFO] 15:10:32:434 iniciar logger/(6984:6984): el mensaje que recibi es: dfkashdfkjhasdkfjhakhsdf
[INFO] 15:11:38:346 iniciar logger/(7046:7046): soy un log
[INFO] 15:11:54:976 iniciar logger/(7087:7087): soy un log
[INFO] 15:12:11:380 iniciar logger/(7128:7128): soy un log
[INFO] 15:12:20:452 iniciar logger/(7158:7158): soy un log
[INFO] 15:12:20:466 iniciar logger/(7158:7158): el mensaje que recibi es: dfkashdfkjhasdkfjhakhsdf
[INFO] 16:29:01:216 iniciar logger/(9244:9244): soy un log
[INFO] 16:29:01:276 iniciar logger/(9244:9244): el mensaje que recibi es: dfk
[INFO] 15:13:19:827 iniciar logger/(4640:4640): soy un log
[INFO] 15:13:19:848 iniciar logger/(4640:4640): el mensaje que recibi es: dfk
[INFO] 15:13:52:387 iniciar logger/(4690:4690): soy un log
[INFO] 15:13:52:395 iniciar logger/(4690:4690): el mensaje que recibi es: hola como estas
[INFO] 15:14:14:44 iniciar logger/(4729:4729): soy un log
[INFO] 15:14:14:48 iniciar logger/(4729:4729): el mensaje que recibi es: recibi este mensaje choto
[INFO] 15:14:42:371 iniciar logger/(4778:4778): soy un log
[INFO] 15:14:42:373 iniciar logger/(4778:4778): el mensaje que recibi es: holas como estas
[INFO] 15:15:09:114 iniciar logger/(4821:4821): soy un log
[INFO] 15:15:09:124 iniciar logger/(4821:4821): el mensaje que recibi es: ricibi este mensaje la puta que te pario
[INFO] 15:15:45:155 iniciar logger/(4859:4859): soy un log
[INFO] 15:15:45:165 iniciar logger/(4859:4859): el mensaje que recibi es: ricibi este mensaje la puta que te pario
[INFO] 15:21:31:611 iniciar logger/(5524:5524): soy un log
[INFO] 15:21:31:657 iniciar logger/(5524:5524): el mensaje que recibi es: porque me tira error esto
[INFO] 15:22:30:992 iniciar logger/(5608:5608): soy un log
[INFO] 15:22:30:997 iniciar logger/(5608:5608): el mensaje que recibi es: hola
[INFO] 15:26:48:766 iniciar logger/(5810:5810): soy un log
[INFO] 15:26:48:776 iniciar logger/(5810:5810): el mensaje que recibi es: hola
[INFO] 15:27:12:287 iniciar logger/(5864:5864): soy un log
[INFO] 15:27:12:295 iniciar logger/(5864:5864): el mensaje que recibi es: holas como estas
[INFO] 15:28:52:261 iniciar logger/(5936:5936): soy un log
[INFO] 15:30:48:978 iniciar logger/(6083:6083): soy un log
[INFO] 15:33:13:933 iniciar logger/(6246:6246): soy un log
[INFO] 15:33:13:936 iniciar logger/(6246:6246): el mensaje que recibi es: holas como estas
[INFO] 15:43:06:95 iniciar logger/(7597:7597): soy un log
[INFO] 15:43:06:161 iniciar logger/(7597:7597): el mensaje que recibi es: holas como estas
